#-----------------------------------------------------------
# Vivado v2020.2 (64-bit)
# SW Build 3064766 on Wed Nov 18 09:12:45 MST 2020
# IP Build 3064653 on Wed Nov 18 14:17:31 MST 2020
# Start of session at: Mon Jul 28 18:13:18 2025
# Process ID: 40920
# Current directory: C:/working/FPAG_Harman/250718_OV7670_HDMI_V2
# Command line: vivado.exe -gui_launcher_event rodinguilauncherevent50564 C:\working\FPAG_Harman\250718_OV7670_HDMI_V2\250718_OV7670_HDMI_V2.xpr
# Log file: C:/working/FPAG_Harman/250718_OV7670_HDMI_V2/vivado.log
# Journal file: C:/working/FPAG_Harman/250718_OV7670_HDMI_V2\vivado.jou
#-----------------------------------------------------------
start_gui
open_project C:/working/FPAG_Harman/250718_OV7670_HDMI_V2/250718_OV7670_HDMI_V2.xpr
WARNING: [filemgmt 56-3] Default IP Output Path : Could not find the directory 'C:/working/FPAG_Harman/250718_OV7670_HDMI_V2/250718_OV7670_HDMI_V2.gen/sources_1'.
Scanning sources...
Finished scanning sources
INFO: [IP_Flow 19-234] Refreshing IP repositories
INFO: [IP_Flow 19-1704] No user IP repositories specified
INFO: [IP_Flow 19-2313] Loaded Vivado IP repository 'C:/Xilinx/Vivado/2020.2/data/ip'.
open_project: Time (s): cpu = 00:00:19 ; elapsed = 00:00:08 . Memory (MB): peak = 1103.199 ; gain = 0.000
update_compile_order -fileset sources_1
exit
INFO: [Common 17-206] Exiting Vivado at Mon Jul 28 18:25:34 2025...
