#-----------------------------------------------------------
# Vivado v2020.2 (64-bit)
# SW Build 3064766 on Wed Nov 18 09:12:45 MST 2020
# IP Build 3064653 on Wed Nov 18 14:17:31 MST 2020
# Start of session at: Wed Jul 23 14:40:22 2025
# Process ID: 16680
# Current directory: C:/working/FPAG_Harman/250718_OV7670_HDMI_V2
# Command line: vivado.exe -gui_launcher_event rodinguilauncherevent16536 C:\working\FPAG_Harman\250718_OV7670_HDMI_V2\250718_OV7670_HDMI_V2.xpr
# Log file: C:/working/FPAG_Harman/250718_OV7670_HDMI_V2/vivado.log
# Journal file: C:/working/FPAG_Harman/250718_OV7670_HDMI_V2\vivado.jou
#-----------------------------------------------------------
start_gui
open_project C:/working/FPAG_Harman/250718_OV7670_HDMI_V2/250718_OV7670_HDMI_V2.xpr
WARNING: [filemgmt 56-3] Default IP Output Path : Could not find the directory 'C:/working/FPAG_Harman/250718_OV7670_HDMI_V2/250718_OV7670_HDMI_V2.gen/sources_1'.
Scanning sources...
Finished scanning sources
INFO: [IP_Flow 19-234] Refreshing IP repositories
INFO: [IP_Flow 19-1704] No user IP repositories specified
INFO: [IP_Flow 19-2313] Loaded Vivado IP repository 'C:/Xilinx/Vivado/2020.2/data/ip'.
open_project: Time (s): cpu = 00:00:15 ; elapsed = 00:00:08 . Memory (MB): peak = 1085.109 ; gain = 0.000
update_compile_order -fileset sources_1
open_hw_manager
connect_hw_server -allow_non_jtag
INFO: [Labtools 27-2285] Connecting to hw_server url TCP:localhost:3121
INFO: [Labtools 27-2222] Launching hw_server...
INFO: [Labtools 27-2221] Launch Output:

****** Xilinx hw_server v2020.2
  **** Build date : Nov 18 2020 at 10:01:48
    ** Copyright 1986-2020 Xilinx, Inc. All Rights Reserved.


INFO: [Labtools 27-3415] Connecting to cs_server url TCP:localhost:3042
INFO: [Labtools 27-3417] Launching cs_server...
INFO: [Labtools 27-2221] Launch Output:


******** Xilinx cs_server v2020.2
  ****** Build date   : Nov 04 2020-06:02:56
    **** Build number : 2020.2.1604437376
      ** Copyright 2017-2020 Xilinx, Inc. All Rights Reserved.



connect_hw_server: Time (s): cpu = 00:00:01 ; elapsed = 00:00:08 . Memory (MB): peak = 1085.109 ; gain = 0.000
open_hw_target
INFO: [Labtoolstcl 44-466] Opening hw_target localhost:3121/xilinx_tcf/Digilent/210351B102DBA
open_hw_target: Time (s): cpu = 00:00:03 ; elapsed = 00:00:06 . Memory (MB): peak = 2508.809 ; gain = 1423.699
set_property PROGRAM.FILE {C:/working/FPAG_Harman/250718_OV7670_HDMI_V2/250718_OV7670_HDMI_V2.runs/impl_1/TOP_OV7670_HDMI.bit} [get_hw_devices xc7z020_1]
current_hw_device [get_hw_devices xc7z020_1]
refresh_hw_device -update_hw_probes false [lindex [get_hw_devices xc7z020_1] 0]
INFO: [Labtools 27-1435] Device xc7z020 (JTAG device index = 1) is not programmed (DONE status = 0).
set_property PROBES.FILE {} [get_hw_devices xc7z020_1]
set_property FULL_PROBES.FILE {} [get_hw_devices xc7z020_1]
set_property PROGRAM.FILE {C:/working/FPAG_Harman/250718_OV7670_HDMI_V2/250718_OV7670_HDMI_V2.runs/impl_1/TOP_OV7670_HDMI.bit} [get_hw_devices xc7z020_1]
program_hw_devices [get_hw_devices xc7z020_1]
INFO: [Labtools 27-3164] End of startup status: HIGH
refresh_hw_device [lindex [get_hw_devices xc7z020_1] 0]
INFO: [Labtools 27-1434] Device xc7z020 (JTAG device index = 1) is programmed with a design that has no supported debug core(s) in it.
WARNING: [filemgmt 56-199] Attempt to get parsing info during refresh. "On-the-fly" syntax checking information may be incorrect. [C:\working\FPAG_Harman\250718_OV7670_HDMI_V2\250718_OV7670_HDMI_V2.srcs\sources_1\TOP\new\TOP_OV7670_HDMI.sv:]
WARNING: [filemgmt 56-199] Attempt to get parsing info during refresh. "On-the-fly" syntax checking information may be incorrect. [C:\working\FPAG_Harman\250718_OV7670_HDMI_V2\250718_OV7670_HDMI_V2.srcs\sources_1\DIV_GRID\rgb_color_detect.sv:]
WARNING: [filemgmt 56-199] Attempt to get parsing info during refresh. "On-the-fly" syntax checking information may be incorrect. [C:\working\FPAG_Harman\250718_OV7670_HDMI_V2\250718_OV7670_HDMI_V2.srcs\sources_1\DIV_GRID\hand_signal.sv:]
WARNING: [filemgmt 56-199] Attempt to get parsing info during refresh. "On-the-fly" syntax checking information may be incorrect. [C:\working\FPAG_Harman\250718_OV7670_HDMI_V2\250718_OV7670_HDMI_V2.srcs\sources_1\TOP\new\TOP_OV7670_HDMI.sv:]
WARNING: [filemgmt 56-199] Attempt to get parsing info during refresh. "On-the-fly" syntax checking information may be incorrect. [C:\working\FPAG_Harman\250718_OV7670_HDMI_V2\250718_OV7670_HDMI_V2.srcs\sources_1\DIV_GRID\rgb_color_detect.sv:]
WARNING: [filemgmt 56-199] Attempt to get parsing info during refresh. "On-the-fly" syntax checking information may be incorrect. [C:\working\FPAG_Harman\250718_OV7670_HDMI_V2\250718_OV7670_HDMI_V2.srcs\sources_1\DIV_GRID\hand_signal.sv:]
ERROR: [Common 17-180] Spawn failed: No error
reset_run synth_1
WARNING: [Vivado 12-1017] Problems encountered:
1. Failed to delete one or more files in run directory C:/working/FPAG_Harman/250718_OV7670_HDMI_V2/250718_OV7670_HDMI_V2.runs/synth_1

launch_runs impl_1 -to_step write_bitstream -jobs 16
[Wed Jul 23 14:51:03 2025] Launched synth_1...
Run output will be captured here: C:/working/FPAG_Harman/250718_OV7670_HDMI_V2/250718_OV7670_HDMI_V2.runs/synth_1/runme.log
[Wed Jul 23 14:51:03 2025] Launched impl_1...
Run output will be captured here: C:/working/FPAG_Harman/250718_OV7670_HDMI_V2/250718_OV7670_HDMI_V2.runs/impl_1/runme.log
reset_run synth_1
WARNING: [Vivado 12-1017] Problems encountered:
1. Failed to delete one or more files in run directory C:/working/FPAG_Harman/250718_OV7670_HDMI_V2/250718_OV7670_HDMI_V2.runs/synth_1

launch_runs impl_1 -to_step write_bitstream -jobs 16
[Wed Jul 23 14:56:00 2025] Launched synth_1...
Run output will be captured here: C:/working/FPAG_Harman/250718_OV7670_HDMI_V2/250718_OV7670_HDMI_V2.runs/synth_1/runme.log
[Wed Jul 23 14:56:00 2025] Launched impl_1...
Run output will be captured here: C:/working/FPAG_Harman/250718_OV7670_HDMI_V2/250718_OV7670_HDMI_V2.runs/impl_1/runme.log
set_property PROBES.FILE {} [get_hw_devices xc7z020_1]
set_property FULL_PROBES.FILE {} [get_hw_devices xc7z020_1]
set_property PROGRAM.FILE {C:/working/FPAG_Harman/250718_OV7670_HDMI_V2/250718_OV7670_HDMI_V2.runs/impl_1/TOP_OV7670_HDMI.bit} [get_hw_devices xc7z020_1]
program_hw_devices [get_hw_devices xc7z020_1]
INFO: [Labtools 27-3164] End of startup status: HIGH
refresh_hw_device [lindex [get_hw_devices xc7z020_1] 0]
INFO: [Labtools 27-1434] Device xc7z020 (JTAG device index = 1) is programmed with a design that has no supported debug core(s) in it.
reset_run synth_1
WARNING: [Vivado 12-1017] Problems encountered:
1. Failed to delete one or more files in run directory C:/working/FPAG_Harman/250718_OV7670_HDMI_V2/250718_OV7670_HDMI_V2.runs/synth_1

launch_runs impl_1 -to_step write_bitstream -jobs 16
[Wed Jul 23 15:09:36 2025] Launched synth_1...
Run output will be captured here: C:/working/FPAG_Harman/250718_OV7670_HDMI_V2/250718_OV7670_HDMI_V2.runs/synth_1/runme.log
[Wed Jul 23 15:09:36 2025] Launched impl_1...
Run output will be captured here: C:/working/FPAG_Harman/250718_OV7670_HDMI_V2/250718_OV7670_HDMI_V2.runs/impl_1/runme.log
set_property PROBES.FILE {} [get_hw_devices xc7z020_1]
set_property FULL_PROBES.FILE {} [get_hw_devices xc7z020_1]
set_property PROGRAM.FILE {C:/working/FPAG_Harman/250718_OV7670_HDMI_V2/250718_OV7670_HDMI_V2.runs/impl_1/TOP_OV7670_HDMI.bit} [get_hw_devices xc7z020_1]
program_hw_devices [get_hw_devices xc7z020_1]
INFO: [Labtools 27-3164] End of startup status: HIGH
refresh_hw_device [lindex [get_hw_devices xc7z020_1] 0]
INFO: [Labtools 27-1434] Device xc7z020 (JTAG device index = 1) is programmed with a design that has no supported debug core(s) in it.
set_property PROBES.FILE {} [get_hw_devices xc7z020_1]
set_property FULL_PROBES.FILE {} [get_hw_devices xc7z020_1]
set_property PROGRAM.FILE {C:/working/FPAG_Harman/250718_OV7670_HDMI_V2/250718_OV7670_HDMI_V2.runs/impl_1/TOP_OV7670_HDMI.bit} [get_hw_devices xc7z020_1]
program_hw_devices [get_hw_devices xc7z020_1]
INFO: [Labtools 27-3164] End of startup status: HIGH
refresh_hw_device [lindex [get_hw_devices xc7z020_1] 0]
INFO: [Labtools 27-1434] Device xc7z020 (JTAG device index = 1) is programmed with a design that has no supported debug core(s) in it.
ERROR: [Labtoolstcl 44-513] HW Target shutdown. Closing target: localhost:3121/xilinx_tcf/Digilent/210351B102DBA
disconnect_hw_server localhost:3121
connect_hw_server -allow_non_jtag
INFO: [Labtools 27-2285] Connecting to hw_server url TCP:localhost:3121
INFO: [Labtools 27-3415] Connecting to cs_server url TCP:localhost:3042
INFO: [Labtools 27-3414] Connected to existing cs_server.
open_hw_target
INFO: [Labtoolstcl 44-466] Opening hw_target localhost:3121/xilinx_tcf/Digilent/210351B102DBA
set_property PROGRAM.FILE {C:/working/FPAG_Harman/250718_OV7670_HDMI_V2/250718_OV7670_HDMI_V2.runs/impl_1/TOP_OV7670_HDMI.bit} [get_hw_devices xc7z020_1]
current_hw_device [get_hw_devices xc7z020_1]
refresh_hw_device -update_hw_probes false [lindex [get_hw_devices xc7z020_1] 0]
INFO: [Labtools 27-1435] Device xc7z020 (JTAG device index = 1) is not programmed (DONE status = 0).
set_property PROBES.FILE {} [get_hw_devices xc7z020_1]
set_property FULL_PROBES.FILE {} [get_hw_devices xc7z020_1]
set_property PROGRAM.FILE {C:/working/FPAG_Harman/250718_OV7670_HDMI_V2/250718_OV7670_HDMI_V2.runs/impl_1/TOP_OV7670_HDMI.bit} [get_hw_devices xc7z020_1]
program_hw_devices [get_hw_devices xc7z020_1]
INFO: [Labtools 27-3164] End of startup status: HIGH
refresh_hw_device [lindex [get_hw_devices xc7z020_1] 0]
INFO: [Labtools 27-1434] Device xc7z020 (JTAG device index = 1) is programmed with a design that has no supported debug core(s) in it.
set_property PROBES.FILE {} [get_hw_devices xc7z020_1]
set_property FULL_PROBES.FILE {} [get_hw_devices xc7z020_1]
set_property PROGRAM.FILE {C:/working/FPAG_Harman/250718_OV7670_HDMI_V2/250718_OV7670_HDMI_V2.runs/impl_1/TOP_OV7670_HDMI.bit} [get_hw_devices xc7z020_1]
program_hw_devices [get_hw_devices xc7z020_1]
INFO: [Labtools 27-3164] End of startup status: HIGH
refresh_hw_device [lindex [get_hw_devices xc7z020_1] 0]
INFO: [Labtools 27-1434] Device xc7z020 (JTAG device index = 1) is programmed with a design that has no supported debug core(s) in it.
set_property PROBES.FILE {} [get_hw_devices xc7z020_1]
set_property FULL_PROBES.FILE {} [get_hw_devices xc7z020_1]
set_property PROGRAM.FILE {C:/working/FPAG_Harman/250718_OV7670_HDMI_V2/250718_OV7670_HDMI_V2.runs/impl_1/TOP_OV7670_HDMI.bit} [get_hw_devices xc7z020_1]
program_hw_devices [get_hw_devices xc7z020_1]
INFO: [Labtools 27-3164] End of startup status: HIGH
refresh_hw_device [lindex [get_hw_devices xc7z020_1] 0]
INFO: [Labtools 27-1434] Device xc7z020 (JTAG device index = 1) is programmed with a design that has no supported debug core(s) in it.
set_property PROBES.FILE {} [get_hw_devices xc7z020_1]
set_property FULL_PROBES.FILE {} [get_hw_devices xc7z020_1]
set_property PROGRAM.FILE {C:/working/FPAG_Harman/250718_OV7670_HDMI_V2/250718_OV7670_HDMI_V2.runs/impl_1/TOP_OV7670_HDMI.bit} [get_hw_devices xc7z020_1]
program_hw_devices [get_hw_devices xc7z020_1]
INFO: [Labtools 27-3164] End of startup status: HIGH
refresh_hw_device [lindex [get_hw_devices xc7z020_1] 0]
INFO: [Labtools 27-1434] Device xc7z020 (JTAG device index = 1) is programmed with a design that has no supported debug core(s) in it.
ERROR: [Labtoolstcl 44-513] HW Target shutdown. Closing target: localhost:3121/xilinx_tcf/Digilent/210351B102DBA
INFO: [Labtoolstcl 44-466] Opening hw_target localhost:3121/xilinx_tcf/Digilent/210351B102DBA
WARNING: [Labtoolstcl 44-129] No matching hw_ila_data was found.
INFO: [Labtools 27-1435] Device xc7z020 (JTAG device index = 1) is not programmed (DONE status = 0).
WARNING: [Labtoolstcl 44-129] No matching hw_ila_data was found.
reset_run synth_1
WARNING: [Vivado 12-1017] Problems encountered:
1. Failed to delete one or more files in run directory C:/working/FPAG_Harman/250718_OV7670_HDMI_V2/250718_OV7670_HDMI_V2.runs/synth_1

launch_runs impl_1 -to_step write_bitstream -jobs 16
[Wed Jul 23 16:20:48 2025] Launched synth_1...
Run output will be captured here: C:/working/FPAG_Harman/250718_OV7670_HDMI_V2/250718_OV7670_HDMI_V2.runs/synth_1/runme.log
[Wed Jul 23 16:20:48 2025] Launched impl_1...
Run output will be captured here: C:/working/FPAG_Harman/250718_OV7670_HDMI_V2/250718_OV7670_HDMI_V2.runs/impl_1/runme.log
set_property PROBES.FILE {} [get_hw_devices xc7z020_1]
set_property FULL_PROBES.FILE {} [get_hw_devices xc7z020_1]
set_property PROGRAM.FILE {C:/working/FPAG_Harman/250718_OV7670_HDMI_V2/250718_OV7670_HDMI_V2.runs/impl_1/TOP_OV7670_HDMI.bit} [get_hw_devices xc7z020_1]
program_hw_devices [get_hw_devices xc7z020_1]
INFO: [Labtools 27-3164] End of startup status: HIGH
refresh_hw_device [lindex [get_hw_devices xc7z020_1] 0]
INFO: [Labtools 27-1434] Device xc7z020 (JTAG device index = 1) is programmed with a design that has no supported debug core(s) in it.
reset_run synth_1
WARNING: [Vivado 12-1017] Problems encountered:
1. Failed to delete one or more files in run directory C:/working/FPAG_Harman/250718_OV7670_HDMI_V2/250718_OV7670_HDMI_V2.runs/synth_1

launch_runs impl_1 -to_step write_bitstream -jobs 16
[Wed Jul 23 16:29:41 2025] Launched synth_1...
Run output will be captured here: C:/working/FPAG_Harman/250718_OV7670_HDMI_V2/250718_OV7670_HDMI_V2.runs/synth_1/runme.log
[Wed Jul 23 16:29:41 2025] Launched impl_1...
Run output will be captured here: C:/working/FPAG_Harman/250718_OV7670_HDMI_V2/250718_OV7670_HDMI_V2.runs/impl_1/runme.log
set_property PROBES.FILE {} [get_hw_devices xc7z020_1]
set_property FULL_PROBES.FILE {} [get_hw_devices xc7z020_1]
set_property PROGRAM.FILE {C:/working/FPAG_Harman/250718_OV7670_HDMI_V2/250718_OV7670_HDMI_V2.runs/impl_1/TOP_OV7670_HDMI.bit} [get_hw_devices xc7z020_1]
program_hw_devices [get_hw_devices xc7z020_1]
INFO: [Labtools 27-3164] End of startup status: HIGH
refresh_hw_device [lindex [get_hw_devices xc7z020_1] 0]
INFO: [Labtools 27-1434] Device xc7z020 (JTAG device index = 1) is programmed with a design that has no supported debug core(s) in it.
set_property PROBES.FILE {} [get_hw_devices xc7z020_1]
set_property FULL_PROBES.FILE {} [get_hw_devices xc7z020_1]
set_property PROGRAM.FILE {C:/working/FPAG_Harman/250718_OV7670_HDMI_V2/250718_OV7670_HDMI_V2.runs/impl_1/TOP_OV7670_HDMI.bit} [get_hw_devices xc7z020_1]
program_hw_devices [get_hw_devices xc7z020_1]
INFO: [Labtools 27-3164] End of startup status: HIGH
refresh_hw_device [lindex [get_hw_devices xc7z020_1] 0]
INFO: [Labtools 27-1434] Device xc7z020 (JTAG device index = 1) is programmed with a design that has no supported debug core(s) in it.
set_property PROBES.FILE {} [get_hw_devices xc7z020_1]
set_property FULL_PROBES.FILE {} [get_hw_devices xc7z020_1]
set_property PROGRAM.FILE {C:/working/FPAG_Harman/250718_OV7670_HDMI_V2/250718_OV7670_HDMI_V2.runs/impl_1/TOP_OV7670_HDMI.bit} [get_hw_devices xc7z020_1]
program_hw_devices [get_hw_devices xc7z020_1]
INFO: [Labtools 27-3164] End of startup status: HIGH
refresh_hw_device [lindex [get_hw_devices xc7z020_1] 0]
INFO: [Labtools 27-1434] Device xc7z020 (JTAG device index = 1) is programmed with a design that has no supported debug core(s) in it.
reset_run synth_1
WARNING: [Vivado 12-1017] Problems encountered:
1. Failed to delete one or more files in run directory C:/working/FPAG_Harman/250718_OV7670_HDMI_V2/250718_OV7670_HDMI_V2.runs/synth_1

launch_runs impl_1 -to_step write_bitstream -jobs 16
[Wed Jul 23 16:45:09 2025] Launched synth_1...
Run output will be captured here: C:/working/FPAG_Harman/250718_OV7670_HDMI_V2/250718_OV7670_HDMI_V2.runs/synth_1/runme.log
[Wed Jul 23 16:45:09 2025] Launched impl_1...
Run output will be captured here: C:/working/FPAG_Harman/250718_OV7670_HDMI_V2/250718_OV7670_HDMI_V2.runs/impl_1/runme.log
set_property PROBES.FILE {} [get_hw_devices xc7z020_1]
set_property FULL_PROBES.FILE {} [get_hw_devices xc7z020_1]
set_property PROGRAM.FILE {C:/working/FPAG_Harman/250718_OV7670_HDMI_V2/250718_OV7670_HDMI_V2.runs/impl_1/TOP_OV7670_HDMI.bit} [get_hw_devices xc7z020_1]
program_hw_devices [get_hw_devices xc7z020_1]
INFO: [Labtools 27-3164] End of startup status: HIGH
refresh_hw_device [lindex [get_hw_devices xc7z020_1] 0]
INFO: [Labtools 27-1434] Device xc7z020 (JTAG device index = 1) is programmed with a design that has no supported debug core(s) in it.
reset_run synth_1
WARNING: [Vivado 12-1017] Problems encountered:
1. Failed to delete one or more files in run directory C:/working/FPAG_Harman/250718_OV7670_HDMI_V2/250718_OV7670_HDMI_V2.runs/synth_1

launch_runs impl_1 -to_step write_bitstream -jobs 16
[Wed Jul 23 16:57:26 2025] Launched synth_1...
Run output will be captured here: C:/working/FPAG_Harman/250718_OV7670_HDMI_V2/250718_OV7670_HDMI_V2.runs/synth_1/runme.log
[Wed Jul 23 16:57:26 2025] Launched impl_1...
Run output will be captured here: C:/working/FPAG_Harman/250718_OV7670_HDMI_V2/250718_OV7670_HDMI_V2.runs/impl_1/runme.log
ERROR: [Labtoolstcl 44-513] HW Target shutdown. Closing target: localhost:3121/xilinx_tcf/Digilent/210351B102DBA
INFO: [Labtoolstcl 44-466] Opening hw_target localhost:3121/xilinx_tcf/Digilent/210351B102DBA
WARNING: [Labtoolstcl 44-129] No matching hw_ila_data was found.
INFO: [Labtools 27-1435] Device xc7z020 (JTAG device index = 1) is not programmed (DONE status = 0).
WARNING: [Labtoolstcl 44-129] No matching hw_ila_data was found.
set_property PROBES.FILE {} [get_hw_devices xc7z020_1]
set_property FULL_PROBES.FILE {} [get_hw_devices xc7z020_1]
set_property PROGRAM.FILE {C:/working/FPAG_Harman/250718_OV7670_HDMI_V2/250718_OV7670_HDMI_V2.runs/impl_1/TOP_OV7670_HDMI.bit} [get_hw_devices xc7z020_1]
program_hw_devices [get_hw_devices xc7z020_1]
INFO: [Labtools 27-3164] End of startup status: HIGH
refresh_hw_device [lindex [get_hw_devices xc7z020_1] 0]
INFO: [Labtools 27-1434] Device xc7z020 (JTAG device index = 1) is programmed with a design that has no supported debug core(s) in it.
exit
INFO: [Common 17-206] Exiting Vivado at Wed Jul 23 17:21:56 2025...
