#-----------------------------------------------------------
# Vivado v2020.2 (64-bit)
# SW Build 3064766 on Wed Nov 18 09:12:45 MST 2020
# IP Build 3064653 on Wed Nov 18 14:17:31 MST 2020
# Start of session at: Tue Jul 22 14:05:28 2025
# Process ID: 14856
# Current directory: C:/working/FPAG_Harman/250718_OV7670_HDMI_V2
# Command line: vivado.exe -gui_launcher_event rodinguilauncherevent22748 C:\working\FPAG_Harman\250718_OV7670_HDMI_V2\250718_OV7670_HDMI_V2.xpr
# Log file: C:/working/FPAG_Harman/250718_OV7670_HDMI_V2/vivado.log
# Journal file: C:/working/FPAG_Harman/250718_OV7670_HDMI_V2\vivado.jou
#-----------------------------------------------------------
start_gui
open_project C:/working/FPAG_Harman/250718_OV7670_HDMI_V2/250718_OV7670_HDMI_V2.xpr
WARNING: [filemgmt 56-3] Default IP Output Path : Could not find the directory 'C:/working/FPAG_Harman/250718_OV7670_HDMI_V2/250718_OV7670_HDMI_V2.gen/sources_1'.
Scanning sources...
Finished scanning sources
INFO: [IP_Flow 19-234] Refreshing IP repositories
INFO: [IP_Flow 19-1704] No user IP repositories specified
INFO: [IP_Flow 19-2313] Loaded Vivado IP repository 'C:/Xilinx/Vivado/2020.2/data/ip'.
update_compile_order -fileset sources_1
open_hw_manager
connect_hw_server -allow_non_jtag
INFO: [Labtools 27-2285] Connecting to hw_server url TCP:localhost:3121
INFO: [Labtools 27-3415] Connecting to cs_server url TCP:localhost:3042
INFO: [Labtools 27-3417] Launching cs_server...
INFO: [Labtools 27-2221] Launch Output:


******** Xilinx cs_server v2020.2
  ****** Build date   : Nov 04 2020-06:02:56
    **** Build number : 2020.2.1604437376
      ** Copyright 2017-2020 Xilinx, Inc. All Rights Reserved.



open_hw_target
INFO: [Labtoolstcl 44-466] Opening hw_target localhost:3121/xilinx_tcf/Digilent/210351B102DBA
set_property PROGRAM.FILE {C:/working/FPAG_Harman/250718_OV7670_HDMI_V2/250718_OV7670_HDMI_V2.runs/impl_1/TOP_OV7670_HDMI.bit} [get_hw_devices xc7z020_1]
current_hw_device [get_hw_devices xc7z020_1]
refresh_hw_device -update_hw_probes false [lindex [get_hw_devices xc7z020_1] 0]
INFO: [Labtools 27-1434] Device xc7z020 (JTAG device index = 1) is programmed with a design that has no supported debug core(s) in it.
exit
INFO: [Common 17-206] Exiting Vivado at Tue Jul 22 14:06:19 2025...
