#-----------------------------------------------------------
# Vivado v2020.2 (64-bit)
# SW Build 3064766 on Wed Nov 18 09:12:45 MST 2020
# IP Build 3064653 on Wed Nov 18 14:17:31 MST 2020
# Start of session at: Mon Jul 28 18:26:52 2025
# Process ID: 222968
# Current directory: C:/Users/kccistc/Desktop/250718_OV7670_HDMI_V2
# Command line: vivado.exe -gui_launcher_event rodinguilauncherevent249916 C:\Users\kccistc\Desktop\250718_OV7670_HDMI_V2\250718_OV7670_HDMI_V2.xpr
# Log file: C:/Users/kccistc/Desktop/250718_OV7670_HDMI_V2/vivado.log
# Journal file: C:/Users/kccistc/Desktop/250718_OV7670_HDMI_V2\vivado.jou
#-----------------------------------------------------------
start_gui
open_project C:/Users/kccistc/Desktop/250718_OV7670_HDMI_V2/250718_OV7670_HDMI_V2.xpr
INFO: [Project 1-313] Project file moved from 'C:/working/FPAG_Harman/250718_OV7670_HDMI_V2' since last save.
WARNING: [filemgmt 56-2] Default IP Output Path : Could not find the directory 'C:/Users/kccistc/Desktop/250718_OV7670_HDMI_V2/250718_OV7670_HDMI_V2.gen/sources_1', nor could it be found using path 'C:/working/FPAG_Harman/250718_OV7670_HDMI_V2/250718_OV7670_HDMI_V2.gen/sources_1'.
Scanning sources...
Finished scanning sources
CRITICAL WARNING: [Board 49-67] The board_part definition was not found for digilentinc.com:zybo-z7-20:part0:1.2. This can happen sometimes when you use custom board part. You can resolve this issue by setting 'board.repoPaths' parameter, pointing to the location of custom board files. Valid board_part values can be retrieved with the 'get_board_parts' Tcl command.
INFO: [IP_Flow 19-234] Refreshing IP repositories
INFO: [IP_Flow 19-1704] No user IP repositories specified
INFO: [IP_Flow 19-2313] Loaded Vivado IP repository 'C:/Xilinx/Vivado/2020.2/data/ip'.
update_compile_order -fileset sources_1
exit
INFO: [Common 17-206] Exiting Vivado at Mon Jul 28 18:27:34 2025...
