INFO: [VRFC 10-2263] Analyzing SystemVerilog file "C:/working/FPAG_Harman/250718_OV7670_HDMI_V2/250718_OV7670_HDMI_V2.srcs/sources_1/VGA/Frame_Buffer.sv" into library xil_defaultlib
INFO: [VRFC 10-311] analyzing module Frame_Buffer
INFO: [VRFC 10-2263] Analyzing SystemVerilog file "C:/working/FPAG_Harman/250718_OV7670_HDMI_V2/250718_OV7670_HDMI_V2.srcs/sources_1/VGA/OV7670_MemController.sv" into library xil_defaultlib
INFO: [VRFC 10-311] analyzing module OV7670_MemController
INFO: [VRFC 10-2263] Analyzing SystemVerilog file "C:/working/FPAG_Harman/250718_OV7670_HDMI_V2/250718_OV7670_HDMI_V2.srcs/sources_1/VGA/OV7670_VGA_Display.sv" into library xil_defaultlib
INFO: [VRFC 10-311] analyzing module OV7670_VGA_Display
INFO: [VRFC 10-2263] Analyzing SystemVerilog file "C:/working/FPAG_Harman/250718_OV7670_HDMI_V2/250718_OV7670_HDMI_V2.srcs/sources_1/VGA/QVGA_MemController.sv" into library xil_defaultlib
INFO: [VRFC 10-311] analyzing module QVGA_MemController
INFO: [VRFC 10-311] analyzing module rom
INFO: [VRFC 10-2263] Analyzing SystemVerilog file "C:/working/FPAG_Harman/250718_OV7670_HDMI_V2/250718_OV7670_HDMI_V2.srcs/sources_1/SCCB/SCCB_Master.sv" into library xil_defaultlib
INFO: [VRFC 10-311] analyzing module OV7670_Master
INFO: [VRFC 10-311] analyzing module SCCB_controlUnit
INFO: [VRFC 10-311] analyzing module I2C_clk_gen
INFO: [VRFC 10-311] analyzing module OV7670_config_rom
INFO: [VRFC 10-311] analyzing module poweron_pulse_gen
INFO: [VRFC 10-311] analyzing module btn_detector
INFO: [VRFC 10-2458] undeclared symbol rising_edge, assumed default net type wire [C:/working/FPAG_Harman/250718_OV7670_HDMI_V2/250718_OV7670_HDMI_V2.srcs/sources_1/SCCB/SCCB_Master.sv:614]
INFO: [VRFC 10-2263] Analyzing SystemVerilog file "C:/working/FPAG_Harman/250718_OV7670_HDMI_V2/250718_OV7670_HDMI_V2.srcs/sources_1/TOP/new/TOP_OV7670_HDMI.sv" into library xil_defaultlib
INFO: [VRFC 10-311] analyzing module TOP_OV7670_HDMI
INFO: [VRFC 10-2263] Analyzing SystemVerilog file "C:/working/FPAG_Harman/250718_OV7670_HDMI_V2/250718_OV7670_HDMI_V2.srcs/sources_1/VGA/VGA_Controller.sv" into library xil_defaultlib
INFO: [VRFC 10-311] analyzing module VGA_Controller
INFO: [VRFC 10-311] analyzing module pixel_clk_gen
INFO: [VRFC 10-311] analyzing module pixel_counter
INFO: [VRFC 10-311] analyzing module VGA_decoder
INFO: [VRFC 10-2263] Analyzing SystemVerilog file "C:/working/FPAG_Harman/250718_OV7670_HDMI_V2/250718_OV7670_HDMI_V2.srcs/sim_1/new/tb_TOP_OV7670_HDMI.sv" into library xil_defaultlib
INFO: [VRFC 10-311] analyzing module tb_TOP_OV7670_HDMI
